Build started 28/05/2015 23:56:40.
     1>Project "C:\Users\Rob\Documents\Visual Studio 2010\Projects\RJ\RJ-VS10\RJ-VS10\RJ-VS10.vcxproj" on node 2 (build target(s)).
     1>InitializeBuildStatus:
         Creating "Debug\RJ-VS10.unsuccessfulbuild" because "AlwaysCreate" was specified.
       ClCompile:
         C:\Program Files\Microsoft Visual Studio 10.0\VC\bin\CL.exe /c /I"C:\Program Files\Microsoft DirectX SDK (June 2010)\Include" /I"C:\Program Files\Visual Leak Detector\include" /ZI /nologo /W3 /WX- /Od /Oy- /D _MBCS /Gm /EHsc /RTC1 /MDd /GS /fp:precise /Zc:wchar_t /Zc:forScope /Fo"Debug\\" /Fd"Debug\vc100.pdb" /Gd /TP /wd4482 /wd4995 /wd4996 /analyze- /errorReport:prompt ..\..\RJ\D3DMain.cpp ..\..\RJ\DataInput.cpp
         DataInput.cpp
         D3DMain.cpp
         Generating Code...
       Link:
         C:\Program Files\Microsoft Visual Studio 10.0\VC\bin\link.exe /ERRORREPORT:PROMPT /OUT:"C:\Users\Rob\Documents\Visual Studio 2010\Projects\RJ\RJ-VS10\Debug\RJ-VS10.exe" /NOLOGO /LIBPATH:"C:\Program Files\Microsoft DirectX SDK (June 2010)\Lib\x86" /LIBPATH:"C:\Program Files\Visual Leak Detector\lib\Win32" winmm.lib dxgi.lib d3dx10.lib d3d11.lib d3dx11.lib dinput8.lib dxguid.lib kernel32.lib user32.lib gdi32.lib winspool.lib comdlg32.lib advapi32.lib shell32.lib ole32.lib oleaut32.lib uuid.lib odbc32.lib odbccp32.lib /MANIFEST /ManifestFile:"Debug\RJ-VS10.exe.intermediate.manifest" /MANIFESTUAC:"level='asInvoker' uiAccess='false'" /DEBUG /PDB:"C:\Users\Rob\Documents\Visual Studio 2010\Projects\RJ\RJ-VS10\Debug\RJ-VS10.pdb" /TLBID:1 /DYNAMICBASE /NXCOMPAT /IMPLIB:"C:\Users\Rob\Documents\Visual Studio 2010\Projects\RJ\RJ-VS10\Debug\RJ-VS10.lib" /MACHINE:X86 Debug\Actor.obj
         Debug\ActorAttributes.obj
         Debug\ActorBase.obj
         Debug\AdjustableParameter.obj
         Debug\Attachment.obj
         Debug\BoundingObject.obj
         Debug\CameraClass.obj
         Debug\CameraPath.obj
         Debug\CapitalShipPerimeterBeacon.obj
         Debug\CentralScheduler.obj
         Debug\CollisionGeometry.obj
         Debug\CompilerSettings.obj
         Debug\ComplexShip.obj
         Debug\ComplexShipDetails.obj
         Debug\ComplexShipElement.obj
         Debug\ComplexShipInfrastructure.obj
         Debug\ComplexShipObjectClass.obj
         Debug\ComplexShipSection.obj
         Debug\ComplexShipTile.obj
         Debug\ComplexShipTileClass.obj
         Debug\ComplexShipTileDefinition.obj
         Debug\CompoundLoadoutMap.obj
         Debug\Constraint.obj
         Debug\CoreEngine.obj
         Debug\Crew.obj
         Debug\CSCorridorTile.obj
         Debug\CSLifeSupportTile.obj
         Debug\CSLifeSupportTileDefinition.obj
         Debug\CSQuartersTile.obj
         Debug\CubeMapTexture.obj
         Debug\D3DMain.obj
         Debug\D3DUtility.obj
         Debug\DataInput.obj
         Debug\DataOutput.obj
         Debug\DebugCommandHandler.obj
         Debug\DustParticle.obj
         Debug\DXLocaliser.obj
         Debug\EffectBase.obj
         Debug\EffectManager.obj
         Debug\Engine.obj
         Debug\Equipment.obj
         Debug\Faction.obj
         Debug\FactionManagerObject.obj
         Debug\FadeEffect.obj
         Debug\FastMath.obj
         Debug\FileInput.obj
         Debug\FireEffect.obj
         Debug\FireShader.obj
         Debug\FontData.obj
         Debug\Fonts.obj
         Debug\FontShader.obj
         Debug\GameConsole.obj
         Debug\GameConsoleCommand.obj
         Debug\GameDataExtern.obj
         Debug\GameInput.obj
         Debug\GameInputSystem.obj
         Debug\GamePhysicsEngine.obj
         Debug\GameSpatialPartitioningTrees.obj
         Debug\GameUniverse.obj
         Debug\GameVarsExtern.obj
         Debug\Hardpoint.obj
         Debug\Hardpoints.obj
         Debug\HashFunctions.obj
         Debug\Hp.obj
         Debug\HpEngine.obj
         Debug\HpMissileLauncher.obj
         Debug\HpShield.obj
         Debug\HpTorpedoLauncher.obj
         Debug\HpWeapon.obj
         Debug\HumanActor.obj
         Debug\iActiveObject.obj
         Debug\iActorObject.obj
         Debug\iConsumesOrders.obj
         Debug\iContainsComplexShipTiles.obj
         Debug\iContainsHardpoints.obj
         Debug\iEnvironmentObject.obj
         Debug\Image2D.obj
         Debug\Image2DRenderGroup.obj
         Debug\Image2DRenderGroupInstance.obj
         Debug\ImmediateRegion.obj
         Debug\iObject.obj
         Debug\iShader.obj
         Debug\iSpaceObject.obj
         Debug\iSpaceObjectEnvironment.obj
         Debug\iStaticObject.obj
         Debug\iUIControl.obj
         Debug\iUIController.obj
         Debug\Light.obj
         Debug\LightFadeShader.obj
         Debug\LightHighlightFadeShader.obj
         Debug\LightHighlightShader.obj
         Debug\LightShader.obj
         Debug\LoadM3d.obj
         Debug\LoadoutMap.obj
         Debug\LogManager.obj
         Debug\MeshGeometry.obj
         Debug\MissileLauncher.obj
         Debug\Model.obj
         Debug\MovementLogic.obj
         Debug\MultiLineTextBlock.obj
         Debug\NavNetwork.obj
         Debug\Order.obj
         Debug\OrientedBoundingBox.obj
         Debug\OverlayRenderer.obj
         Debug\ParticleBase.obj
         Debug\ParticleDefinition.obj
         Debug\ParticleEmitter.obj
         Debug\ParticleEngine.obj
         Debug\ParticleShader.obj
         Debug\Player.obj
         Debug\ProductionCost.obj
         Debug\Profiler.obj
         Debug\Quaternion.obj
         Debug\RegionBase.obj
         Debug\Render2DGroup.obj
         Debug\Render2DManager.obj
         Debug\RenderManager.obj
         Debug\RenderMouseEvent.obj
         Debug\Resource.obj
         Debug\RJ.obj
         Debug\RJMain.obj
         Debug\Shield.obj
         Debug\Ship.obj
         Debug\ShipTileRequirement.obj
         Debug\SimpleShip.obj
         Debug\SimpleShipLoadout.obj
         Debug\SimulationObjectManager.obj
         Debug\SimulationStateManager.obj
         Debug\SkinnedData.obj
         Debug\SkinnedModel.obj
         Debug\SkinnedNormalMapShader.obj
         Debug\SpaceEmitter.obj
         Debug\SpaceProjectile.obj
         Debug\SpaceProjectileDefinition.obj
         Debug\SpaceProjectileLauncher.obj
         Debug\SpaceSystem.obj
         Debug\SpaceTurret.obj
         Debug\StaticTerrain.obj
         Debug\SystemRegion.obj
         Debug\TexcubeShader.obj
         Debug\TextBlock.obj
         Debug\TextManager.obj
         Debug\Texture.obj
         Debug\TextureShader.obj
         Debug\TextureTransShader.obj
         Debug\TorpedoLauncher.obj
         Debug\UIButton.obj
         Debug\UIComboBox.obj
         Debug\UIComponentGroup.obj
         Debug\UIManagedControlDefinition.obj
         Debug\UITextBox.obj
         Debug\UI_Console.obj
         Debug\UI_ModelBuilder.obj
         Debug\UI_ShipDesigner.obj
         Debug\UserInterface.obj
         Debug\Utility.obj
         Debug\ViewFrustrum.obj
         Debug\Weapon.obj
         Debug\XMLGenerator.obj
         Debug\tinystr.obj
         Debug\tinyxml.obj
         Debug\tinyxmlerror.obj
         Debug\tinyxmlparser.obj
         LINK : C:\Users\Rob\Documents\Visual Studio 2010\Projects\RJ\RJ-VS10\Debug\RJ-VS10.exe not found or not built by the last incremental link; performing full link
            Creating library C:\Users\Rob\Documents\Visual Studio 2010\Projects\RJ\RJ-VS10\Debug\RJ-VS10.lib and object C:\Users\Rob\Documents\Visual Studio 2010\Projects\RJ\RJ-VS10\Debug\RJ-VS10.exp
         RJ-VS10.vcxproj -> C:\Users\Rob\Documents\Visual Studio 2010\Projects\RJ\RJ-VS10\Debug\RJ-VS10.exe
       Manifest:
         C:\Program Files\Microsoft SDKs\Windows\v7.0A\bin\mt.exe /nologo /verbose /outputresource:"C:\Users\Rob\Documents\Visual Studio 2010\Projects\RJ\RJ-VS10\Debug\RJ-VS10.exe;#1" /manifest "Debug\RJ-VS10.exe.intermediate.manifest"
       FinalizeBuildStatus:
         Deleting file "Debug\RJ-VS10.unsuccessfulbuild".
         Touching "Debug\RJ-VS10.lastbuildstate".
     1>Done Building Project "C:\Users\Rob\Documents\Visual Studio 2010\Projects\RJ\RJ-VS10\RJ-VS10\RJ-VS10.vcxproj" (build target(s)).

Build succeeded.

Time Elapsed 00:00:20.91
